c:\users\shimada\desktop\バンタン2022年度\gp22\授業サンプル\stggame\vn_framework_2021\vn_framework_2021\x64\debug\vc143.pdb
c:\users\shimada\desktop\バンタン2022年度\gp22\授業サンプル\stggame\vn_framework_2021\vn_framework_2021\x64\debug\vc143.idb
c:\users\shimada\desktop\バンタン2022年度\gp22\授業サンプル\stggame\vn_framework_2021\vn_framework_2021\x64\debug\vn_framework_2021.obj
c:\users\shimada\desktop\バンタン2022年度\gp22\授業サンプル\stggame\vn_framework_2021\vn_framework_2021\x64\debug\vn_sprite.obj
c:\users\shimada\desktop\バンタン2022年度\gp22\授業サンプル\stggame\vn_framework_2021\vn_framework_2021\x64\debug\scene_game.obj
c:\users\shimada\desktop\バンタン2022年度\gp22\授業サンプル\stggame\vn_framework_2021\vn_framework_2021\x64\debug\vn_sound.obj
c:\users\shimada\desktop\バンタン2022年度\gp22\授業サンプル\stggame\vn_framework_2021\vn_framework_2021\x64\debug\vn_mouse.obj
c:\users\shimada\desktop\バンタン2022年度\gp22\授業サンプル\stggame\vn_framework_2021\vn_framework_2021\x64\debug\vn_mainframe.obj
c:\users\shimada\desktop\バンタン2022年度\gp22\授業サンプル\stggame\vn_framework_2021\vn_framework_2021\x64\debug\vn_keyboard.obj
c:\users\shimada\desktop\バンタン2022年度\gp22\授業サンプル\stggame\vn_framework_2021\vn_framework_2021\x64\debug\vn_joystick.obj
c:\users\shimada\desktop\バンタン2022年度\gp22\授業サンプル\stggame\vn_framework_2021\vn_framework_2021\x64\debug\vn_font.obj
c:\users\shimada\desktop\バンタン2022年度\gp22\授業サンプル\stggame\vn_framework_2021\vn_framework_2021\x64\debug\wictextureloader.obj
c:\users\shimada\desktop\バンタン2022年度\gp22\授業サンプル\stggame\vn_framework_2021\vn_framework_2021\x64\debug\vn_shader.obj
c:\users\shimada\desktop\バンタン2022年度\gp22\授業サンプル\stggame\vn_framework_2021\vn_framework_2021\x64\debug\vn_directsound.obj
c:\users\shimada\desktop\バンタン2022年度\gp22\授業サンプル\stggame\vn_framework_2021\vn_framework_2021\x64\debug\vn_directinput.obj
c:\users\shimada\desktop\バンタン2022年度\gp22\授業サンプル\stggame\vn_framework_2021\vn_framework_2021\x64\debug\vn_direct3d.obj
c:\users\shimada\desktop\バンタン2022年度\gp22\授業サンプル\stggame\vn_framework_2021\vn_framework_2021\x64\debug\vn_direct2d.obj
c:\users\shimada\desktop\バンタン2022年度\gp22\授業サンプル\stggame\vn_framework_2021\x64\debug\ps_2d.cso
c:\users\shimada\desktop\バンタン2022年度\gp22\授業サンプル\stggame\vn_framework_2021\x64\debug\vs_2d.cso
c:\users\shimada\desktop\バンタン2022年度\gp22\授業サンプル\stggame\vn_framework_2021\vn_framework_2021\x64\debug\vn_framework_2021.ilk
c:\users\shimada\desktop\バンタン2022年度\gp22\授業サンプル\stggame\vn_framework_2021\x64\debug\vn_framework_2021.exe
c:\users\shimada\desktop\バンタン2022年度\gp22\授業サンプル\stggame\vn_framework_2021\x64\debug\vn_framework_2021.pdb
c:\users\shimada\desktop\バンタン2022年度\gp22\授業サンプル\stggame\vn_framework_2021\vn_framework_2021\x64\debug\vn_framework_2021.res
c:\users\shimada\desktop\バンタン2022年度\gp22\授業サンプル\stggame\vn_framework_2021\vn_framework_2021\x64\debug\vn_frame.30391d75.tlog\cl.command.1.tlog
c:\users\shimada\desktop\バンタン2022年度\gp22\授業サンプル\stggame\vn_framework_2021\vn_framework_2021\x64\debug\vn_frame.30391d75.tlog\cl.read.1.tlog
c:\users\shimada\desktop\バンタン2022年度\gp22\授業サンプル\stggame\vn_framework_2021\vn_framework_2021\x64\debug\vn_frame.30391d75.tlog\cl.write.1.tlog
c:\users\shimada\desktop\バンタン2022年度\gp22\授業サンプル\stggame\vn_framework_2021\vn_framework_2021\x64\debug\vn_frame.30391d75.tlog\fxc.command.1.tlog
c:\users\shimada\desktop\バンタン2022年度\gp22\授業サンプル\stggame\vn_framework_2021\vn_framework_2021\x64\debug\vn_frame.30391d75.tlog\fxc.read.1.tlog
c:\users\shimada\desktop\バンタン2022年度\gp22\授業サンプル\stggame\vn_framework_2021\vn_framework_2021\x64\debug\vn_frame.30391d75.tlog\fxc.write.1.tlog
c:\users\shimada\desktop\バンタン2022年度\gp22\授業サンプル\stggame\vn_framework_2021\vn_framework_2021\x64\debug\vn_frame.30391d75.tlog\link.command.1.tlog
c:\users\shimada\desktop\バンタン2022年度\gp22\授業サンプル\stggame\vn_framework_2021\vn_framework_2021\x64\debug\vn_frame.30391d75.tlog\link.read.1.tlog
c:\users\shimada\desktop\バンタン2022年度\gp22\授業サンプル\stggame\vn_framework_2021\vn_framework_2021\x64\debug\vn_frame.30391d75.tlog\link.write.1.tlog
c:\users\shimada\desktop\バンタン2022年度\gp22\授業サンプル\stggame\vn_framework_2021\vn_framework_2021\x64\debug\vn_frame.30391d75.tlog\rc.command.1.tlog
c:\users\shimada\desktop\バンタン2022年度\gp22\授業サンプル\stggame\vn_framework_2021\vn_framework_2021\x64\debug\vn_frame.30391d75.tlog\rc.read.1.tlog
c:\users\shimada\desktop\バンタン2022年度\gp22\授業サンプル\stggame\vn_framework_2021\vn_framework_2021\x64\debug\vn_frame.30391d75.tlog\rc.write.1.tlog
